<?xml version="1.0" encoding="UTF-8"?>
<testsuite xmlns:xsi="http://www.w3.org/2001/XMLSchema-instance" xsi:noNamespaceSchemaLocation="https://maven.apache.org/surefire/maven-surefire-plugin/xsd/surefire-test-report-3.0.xsd" version="3.0" name="com.zero2me.breezeflow.common.ValidationUtilsTest" time="0.056" tests="9" errors="0" skipped="0" failures="0">
  <properties>
[...]
</properties>
  <testcase name="testRequireNonEmpty_WithEmptyString_ShouldThrow" classname="com.zero2me.breezeflow.common.ValidationUtilsTest" time="0.022"/>
  <testcase name="testRequirePositive_WithNegativeNumber_ShouldThrow" classname="com.zero2me.breezeflow.common.ValidationUtilsTest" time="0.001"/>
  <testcase name="testRequireNonEmpty_WithNullString_ShouldThrow" classname="com.zero2me.breezeflow.common.ValidationUtilsTest" time="0.001"/>
  <testcase name="testRequirePositive_WithZero_ShouldThrow" classname="com.zero2me.breezeflow.common.ValidationUtilsTest" time="0.001"/>
  <testcase name="testRequireNonEmpty_WithValidString_ShouldNotThrow" classname="com.zero2me.breezeflow.common.ValidationUtilsTest" time="0.001"/>
  <testcase name="testRequireNonEmpty_WithWhitespaceString_ShouldThrow" classname="com.zero2me.breezeflow.common.ValidationUtilsTest" time="0.001"/>
  <testcase name="testRequireNonNull_WithValidObject_ShouldNotThrow" classname="com.zero2me.breezeflow.common.ValidationUtilsTest" time="0.0"/>
  <testcase name="testRequireNonNull_WithNullObject_ShouldThrow" classname="com.zero2me.breezeflow.common.ValidationUtilsTest" time="0.001"/>
  <testcase name="testRequirePositive_WithPositiveNumber_ShouldNotThrow" classname="com.zero2me.breezeflow.common.ValidationUtilsTest" time="0.001"/>
</testsuite>